SF:lib\main.dart
DA:7,0
DA:8,0
DA:14,2
DA:16,1
DA:18,2
DA:19,0
DA:21,0
DA:23,0
DA:24,0
LF:9
LH:3
end_of_record
SF:lib\core\app\app_router.g.dart
DA:9,0
DA:13,0
LF:2
LH:0
end_of_record
SF:lib\core\app\app_router.dart
DA:10,0
DA:12,0
DA:14,0
DA:18,0
DA:19,0
DA:21,0
DA:23,0
DA:25,0
LF:8
LH:0
end_of_record
SF:lib\presentation\screens\home_page.dart
DA:8,1
DA:12,0
DA:14,0
DA:15,0
DA:17,0
DA:21,0
DA:22,0
DA:24,0
DA:25,0
DA:26,0
DA:27,0
DA:29,0
DA:30,0
DA:31,0
DA:33,0
DA:35,0
DA:40,0
DA:42,0
DA:46,0
DA:47,0
DA:48,0
DA:51,0
DA:53,0
DA:54,0
DA:55,0
DA:56,0
DA:58,0
DA:59,0
DA:71,0
DA:76,0
LF:30
LH:1
end_of_record
SF:lib\presentation\screens\splash_page.dart
DA:8,1
DA:10,0
DA:11,0
DA:20,0
DA:22,0
DA:23,0
DA:24,0
DA:27,0
DA:29,0
DA:30,0
DA:33,0
DA:35,0
DA:36,0
DA:37,0
DA:38,0
DA:39,0
DA:40,0
DA:41,0
DA:42,0
DA:43,0
LF:20
LH:1
end_of_record
SF:lib\core\app\app_theme.dart
DA:4,0
DA:17,0
LF:2
LH:0
end_of_record
SF:lib\core\internet_services\dio_client.dart
DA:5,0
DA:7,0
DA:19,0
DA:27,0
DA:34,0
DA:35,0
DA:44,0
DA:54,0
DA:63,0
DA:64,0
DA:73,0
DA:83,0
DA:92,0
DA:93,0
DA:102,0
DA:112,0
DA:119,0
DA:120,0
LF:18
LH:0
end_of_record
SF:lib\core\internet_services\http_exception.dart
DA:6,0
DA:7,0
DA:8,0
DA:9,0
DA:11,0
DA:12,0
DA:14,0
DA:15,0
DA:17,0
DA:18,0
DA:20,0
DA:21,0
DA:23,0
DA:24,0
DA:25,0
DA:28,0
DA:31,0
DA:35,0
DA:37,0
DA:39,0
DA:41,0
DA:43,0
DA:45,0
DA:52,0
DA:53,0
LF:25
LH:0
end_of_record
SF:lib\domain\model\character_entity.dart
DA:26,0
DA:27,0
LF:2
LH:0
end_of_record
SF:lib\domain\model\character_entity.g.dart
DA:9,0
DA:11,0
DA:12,0
DA:13,0
DA:14,0
DA:15,0
DA:16,0
DA:17,0
DA:18,0
DA:20,0
DA:21,0
DA:23,0
DA:24,0
DA:25,0
DA:28,0
DA:30,0
DA:31,0
DA:32,0
DA:33,0
DA:34,0
DA:35,0
DA:36,0
DA:37,0
DA:38,0
DA:39,0
DA:40,0
DA:41,0
DA:42,0
LF:28
LH:0
end_of_record
SF:lib\domain\model\enums_character_list.dart
DA:9,0
DA:10,0
DA:12,0
DA:13,0
DA:15,0
DA:16,0
DA:22,0
DA:24,0
DA:25,0
DA:26,0
LF:10
LH:0
end_of_record
SF:lib\domain\model\location_entity.dart
DA:18,0
DA:19,0
LF:2
LH:0
end_of_record
SF:lib\domain\model\location_entity.g.dart
DA:9,0
DA:10,0
DA:11,0
DA:12,0
DA:13,0
DA:14,0
DA:15,0
DA:16,0
DA:17,0
DA:18,0
DA:19,0
DA:21,0
DA:24,0
DA:26,0
DA:27,0
DA:28,0
DA:29,0
DA:30,0
DA:31,0
DA:32,0
DA:33,0
LF:21
LH:0
end_of_record
SF:lib\domain\model\data_character_list.dart
DA:15,0
DA:16,0
LF:2
LH:0
end_of_record
SF:lib\domain\model\data_character_list.g.dart
DA:9,0
DA:11,0
DA:12,0
DA:13,0
DA:14,0
DA:15,0
DA:18,0
DA:20,0
DA:21,0
DA:22,0
LF:10
LH:0
end_of_record
SF:lib\domain\model\info_entity.dart
DA:15,0
DA:16,0
LF:2
LH:0
end_of_record
SF:lib\domain\model\info_entity.g.dart
DA:9,0
DA:10,0
DA:11,0
DA:12,0
DA:13,0
DA:14,0
DA:17,0
DA:18,0
DA:19,0
DA:20,0
DA:21,0
DA:22,0
LF:12
LH:0
end_of_record
SF:lib\domain\model\data_location_list.dart
DA:15,0
DA:16,0
LF:2
LH:0
end_of_record
SF:lib\domain\model\data_location_list.g.dart
DA:9,0
DA:11,0
DA:12,0
DA:13,0
DA:14,0
DA:15,0
DA:18,0
DA:20,0
DA:21,0
DA:22,0
LF:10
LH:0
end_of_record
SF:lib\domain\use_case\character_use_case.dart
DA:11,0
DA:13,0
DA:15,0
LF:3
LH:0
end_of_record
SF:lib\domain\use_case\location_use_case.dart
DA:11,0
DA:13,0
DA:15,0
LF:3
LH:0
end_of_record
SF:lib\domain\use_case\provider.dart
DA:6,0
DA:7,0
DA:10,0
DA:11,0
LF:4
LH:0
end_of_record
SF:lib\infra\repository\provider.dart
DA:7,0
DA:8,0
DA:11,0
DA:12,0
LF:4
LH:0
end_of_record
SF:lib\infra\repository\character_repository_impl.dart
DA:8,0
DA:11,0
DA:12,0
DA:14,0
DA:15,0
DA:16,0
LF:6
LH:0
end_of_record
SF:lib\infra\repository\location_repository_impl.dart
DA:8,0
DA:11,0
DA:12,0
DA:14,0
DA:15,0
DA:16,0
LF:6
LH:0
end_of_record
SF:lib\presentation\view_models\app_notifier.dart
DA:7,0
DA:8,0
DA:9,0
DA:10,0
DA:13,0
DA:14,0
DA:17,0
DA:18,0
DA:19,0
DA:23,3
DA:24,0
LF:11
LH:1
end_of_record
SF:lib\presentation\screens\character_list\character_list.dart
DA:7,1
DA:9,0
DA:10,0
DA:14,0
DA:16,0
DA:18,0
DA:20,0
DA:21,0
DA:22,0
DA:23,0
DA:24,0
DA:25,0
DA:26,0
DA:29,0
DA:30,0
DA:36,0
DA:37,0
LF:17
LH:1
end_of_record
SF:lib\presentation\screens\character_list\widgets\character_list_item.dart
DA:5,0
DA:12,0
DA:13,0
DA:17,0
DA:19,0
DA:20,0
DA:21,0
DA:22,0
DA:23,0
DA:26,0
DA:27,0
LF:11
LH:0
end_of_record
SF:lib\presentation\view_models\character_notifier.g.dart
DA:9,0
DA:14,0
DA:15,0
LF:3
LH:0
end_of_record
SF:lib\presentation\view_models\character_notifier.dart
DA:8,0
DA:10,0
LF:2
LH:0
end_of_record
SF:lib\presentation\screens\location_list\location_list.dart
DA:7,1
DA:9,0
DA:10,0
DA:14,0
DA:16,0
DA:18,0
DA:20,0
DA:21,0
DA:22,0
DA:23,0
DA:24,0
DA:25,0
DA:26,0
DA:29,0
DA:30,0
DA:36,0
DA:37,0
LF:17
LH:1
end_of_record
SF:lib\presentation\screens\location_list\widgets\location_list_item.dart
DA:5,0
DA:12,0
DA:13,0
DA:17,0
DA:19,0
DA:20,0
DA:21,0
DA:22,0
DA:23,0
DA:26,0
DA:28,0
DA:31,0
DA:34,0
DA:36,0
LF:14
LH:0
end_of_record
SF:lib\presentation\view_models\location_notifier.g.dart
DA:9,0
DA:13,0
DA:14,0
LF:3
LH:0
end_of_record
SF:lib\presentation\view_models\location_notifier.dart
DA:8,0
DA:10,0
LF:2
LH:0
end_of_record
